#
# There is insufficient memory for the Java Runtime Environment to continue.
# Native memory allocation (malloc) failed to allocate 426256 bytes for Chunk::new
# Possible reasons:
#   The system is out of physical RAM or swap space
#   The process is running with CompressedOops enabled, and the Java Heap may be blocking the growth of the native heap
# Possible solutions:
#   Reduce memory load on the system
#   Increase physical memory or swap space
#   Check if swap backing store is full
#   Decrease Java heap size (-Xmx/-Xms)
#   Decrease number of Java threads
#   Decrease Java thread stack sizes (-Xss)
#   Set larger code cache with -XX:ReservedCodeCacheSize=
#   JVM is running with Unscaled Compressed Oops mode in which the Java heap is
#     placed in the first 4GB address space. The Java Heap base address is the
#     maximum limit for the native heap growth. Please use -XX:HeapBaseMinAddress
#     to set the Java Heap base and to place the Java Heap above 4GB virtual address.
# This output file may be truncated or incomplete.
#
#  Out of Memory Error (./open/src/hotspot/share/memory/arena.cpp:197), pid=16444, tid=16096
#
# JRE version: Java(TM) SE Runtime Environment 18.9 (11.0.12+8) (build 11.0.12+8-LTS-237)
# Java VM: Java HotSpot(TM) 64-Bit Server VM 18.9 (11.0.12+8-LTS-237, mixed mode, tiered, compressed oops, g1 gc, windows-amd64)
# No core dump will be written. Minidumps are not enabled by default on client versions of Windows
#

---------------  S U M M A R Y ------------

Command Line: -Dmaven.multiModuleProjectDirectory=D:\Spotify\RegisterAndLoginUser -Dmaven.home=C:\Users\HP\.m2\wrapper\dists\apache-maven-3.8.4-bin\52ccbt68d252mdldqsfsn03jlf\apache-maven-3.8.4 -Dclassworlds.conf=C:\Users\HP\.m2\wrapper\dists\apache-maven-3.8.4-bin\52ccbt68d252mdldqsfsn03jlf\apache-maven-3.8.4\bin\m2.conf -Dmaven.ext.class.path=C:\Program Files\JetBrains\IntelliJ IDEA Community Edition 2021.3.1\plugins\maven\lib\maven-event-listener.jar -javaagent:C:\Program Files\JetBrains\IntelliJ IDEA Community Edition 2021.3.1\lib\idea_rt.jar=63182:C:\Program Files\JetBrains\IntelliJ IDEA Community Edition 2021.3.1\bin -Dfile.encoding=UTF-8 org.codehaus.classworlds.Launcher -Didea.version=2021.3.1 install

Host: Intel(R) Core(TM) i3-8130U CPU @ 2.20GHz, 4 cores, 3G,  Windows 10 , 64 bit Build 22000 (10.0.22000.434)
Time: Wed Apr 13 20:29:00 2022 India Standard Time elapsed time: 8.598474 seconds (0d 0h 0m 8s)

---------------  T H R E A D  ---------------

Current thread (0x000002377ca82000):  JavaThread "C2 CompilerThread0" daemon [_thread_in_native, id=16096, stack(0x00000039be800000,0x00000039be900000)]


Current CompileTask:
C2:   8598 2368   !   4       org.apache.maven.model.interpolation.StringVisitorModelInterpolator$1::interpolate (97 bytes)

Stack: [0x00000039be800000,0x00000039be900000]
Native frames: (J=compiled Java code, j=interpreted, Vv=VM code, C=native code)
V  [jvm.dll+0x617d9a]
V  [jvm.dll+0x74eeef]
V  [jvm.dll+0x750599]
V  [jvm.dll+0x750c23]
V  [jvm.dll+0x2438d8]
V  [jvm.dll+0xba6dc]
V  [jvm.dll+0xbac9c]
V  [jvm.dll+0x3469b7]
V  [jvm.dll+0x3147a3]
V  [jvm.dll+0x313aea]
V  [jvm.dll+0x1fd105]
V  [jvm.dll+0x1fc2ed]
V  [jvm.dll+0x17f18c]
V  [jvm.dll+0x20b87c]
V  [jvm.dll+0x20997b]
V  [jvm.dll+0x716359]
V  [jvm.dll+0x70f064]
V  [jvm.dll+0x616f66]
C  [ucrtbase.dll+0x26c0c]
C  [KERNEL32.DLL+0x154e0]
C  [ntdll.dll+0x485b]


---------------  P R O C E S S  ---------------

Threads class SMR info:
_java_thread_list=0x000002377ce08260, length=11, elements={
0x000002376f369000, 0x000002377c9ff000, 0x000002377ca21800, 0x000002377ca79800,
0x000002377ca7a800, 0x000002377ca7d800, 0x000002377ca82000, 0x000002377ca85000,
0x000002377cc00800, 0x000002377cc85000, 0x000002377ce0f000
}

Java Threads: ( => current thread )
  0x000002376f369000 JavaThread "main" [_thread_in_native, id=12168, stack(0x00000039bdc00000,0x00000039bdd00000)]
  0x000002377c9ff000 JavaThread "Reference Handler" daemon [_thread_blocked, id=7996, stack(0x00000039be300000,0x00000039be400000)]
  0x000002377ca21800 JavaThread "Finalizer" daemon [_thread_blocked, id=6360, stack(0x00000039be400000,0x00000039be500000)]
  0x000002377ca79800 JavaThread "Signal Dispatcher" daemon [_thread_blocked, id=10244, stack(0x00000039be500000,0x00000039be600000)]
  0x000002377ca7a800 JavaThread "Attach Listener" daemon [_thread_blocked, id=10860, stack(0x00000039be600000,0x00000039be700000)]
  0x000002377ca7d800 JavaThread "Service Thread" daemon [_thread_blocked, id=8972, stack(0x00000039be700000,0x00000039be800000)]
=>0x000002377ca82000 JavaThread "C2 CompilerThread0" daemon [_thread_in_native, id=16096, stack(0x00000039be800000,0x00000039be900000)]
  0x000002377ca85000 JavaThread "C1 CompilerThread0" daemon [_thread_blocked, id=17084, stack(0x00000039be900000,0x00000039bea00000)]
  0x000002377cc00800 JavaThread "Sweeper thread" daemon [_thread_blocked, id=1228, stack(0x00000039bea00000,0x00000039beb00000)]
  0x000002377cc85000 JavaThread "Common-Cleaner" daemon [_thread_blocked, id=15804, stack(0x00000039beb00000,0x00000039bec00000)]
  0x000002377ce0f000 JavaThread "Monitor Ctrl-Break" daemon [_thread_in_native, id=3036, stack(0x00000039bec00000,0x00000039bed00000)]

Other Threads:
  0x000002376f44e800 VMThread "VM Thread" [stack: 0x00000039be200000,0x00000039be300000] [id=7828]
  0x000002377ce10000 WatcherThread [stack: 0x00000039bed00000,0x00000039bee00000] [id=6088]
  0x000002376f37f000 GCTaskThread "GC Thread#0" [stack: 0x00000039bdd00000,0x00000039bde00000] [id=12880]
  0x000002377d9dc800 GCTaskThread "GC Thread#1" [stack: 0x00000039bee00000,0x00000039bef00000] [id=14916]
  0x000002376f39a000 ConcurrentGCThread "G1 Main Marker" [stack: 0x00000039bde00000,0x00000039bdf00000] [id=13168]
  0x000002376f39b800 ConcurrentGCThread "G1 Conc#0" [stack: 0x00000039bdf00000,0x00000039be000000] [id=9180]
  0x000002376f3f3800 ConcurrentGCThread "G1 Refine#0" [stack: 0x00000039be000000,0x00000039be100000] [id=16372]
  0x000002376f3f4800 ConcurrentGCThread "G1 Young RemSet Sampling" [stack: 0x00000039be100000,0x00000039be200000] [id=9192]

Threads with active compile tasks:
C2 CompilerThread0   8666 2368   !   4       org.apache.maven.model.interpolation.StringVisitorModelInterpolator$1::interpolate (97 bytes)

VM state:not at safepoint (normal execution)

VM Mutex/Monitor currently owned by a thread: None

Heap address: 0x00000000c1600000, size: 1002 MB, Compressed Oops mode: 32-bit
Narrow klass base: 0x0000000000000000, Narrow klass shift: 3
Compressed class space size: 1073741824 Address: 0x0000000100000000

Heap:
 garbage-first heap   total 65536K, used 11049K [0x00000000c1600000, 0x0000000100000000)
  region size 1024K, 9 young (9216K), 4 survivors (4096K)
 Metaspace       used 20847K, capacity 21165K, committed 21296K, reserved 1069056K
  class space    used 2223K, capacity 2357K, committed 2432K, reserved 1048576K
Heap Regions: E=young(eden), S=young(survivor), O=old, HS=humongous(starts), HC=humongous(continues), CS=collection set, F=free, A=archive, TAMS=top-at-mark-start (previous, next)
|   0|0x00000000c1600000, 0x00000000c1700000, 0x00000000c1700000|100%| O|  |TAMS 0x00000000c1600000, 0x00000000c1600000| Untracked 
|   1|0x00000000c1700000, 0x00000000c1800000, 0x00000000c1800000|100%| O|  |TAMS 0x00000000c1700000, 0x00000000c1700000| Untracked 
|   2|0x00000000c1800000, 0x00000000c1900000, 0x00000000c1900000|100%| O|  |TAMS 0x00000000c1800000, 0x00000000c1800000| Untracked 
|   3|0x00000000c1900000, 0x00000000c1966c00, 0x00000000c1a00000| 40%| O|  |TAMS 0x00000000c1900000, 0x00000000c1900000| Untracked 
|   4|0x00000000c1a00000, 0x00000000c1a00000, 0x00000000c1b00000|  0%| F|  |TAMS 0x00000000c1a00000, 0x00000000c1a00000| Untracked 
|   5|0x00000000c1b00000, 0x00000000c1b00000, 0x00000000c1c00000|  0%| F|  |TAMS 0x00000000c1b00000, 0x00000000c1b00000| Untracked 
|   6|0x00000000c1c00000, 0x00000000c1c00000, 0x00000000c1d00000|  0%| F|  |TAMS 0x00000000c1c00000, 0x00000000c1c00000| Untracked 
|   7|0x00000000c1d00000, 0x00000000c1d00000, 0x00000000c1e00000|  0%| F|  |TAMS 0x00000000c1d00000, 0x00000000c1d00000| Untracked 
|   8|0x00000000c1e00000, 0x00000000c1e00000, 0x00000000c1f00000|  0%| F|  |TAMS 0x00000000c1e00000, 0x00000000c1e00000| Untracked 
|   9|0x00000000c1f00000, 0x00000000c1f00000, 0x00000000c2000000|  0%| F|  |TAMS 0x00000000c1f00000, 0x00000000c1f00000| Untracked 
|  10|0x00000000c2000000, 0x00000000c2000000, 0x00000000c2100000|  0%| F|  |TAMS 0x00000000c2000000, 0x00000000c2000000| Untracked 
|  11|0x00000000c2100000, 0x00000000c2100000, 0x00000000c2200000|  0%| F|  |TAMS 0x00000000c2100000, 0x00000000c2100000| Untracked 
|  12|0x00000000c2200000, 0x00000000c2200000, 0x00000000c2300000|  0%| F|  |TAMS 0x00000000c2200000, 0x00000000c2200000| Untracked 
|  13|0x00000000c2300000, 0x00000000c2300000, 0x00000000c2400000|  0%| F|  |TAMS 0x00000000c2300000, 0x00000000c2300000| Untracked 
|  14|0x00000000c2400000, 0x00000000c2400000, 0x00000000c2500000|  0%| F|  |TAMS 0x00000000c2400000, 0x00000000c2400000| Untracked 
|  15|0x00000000c2500000, 0x00000000c2500000, 0x00000000c2600000|  0%| F|  |TAMS 0x00000000c2500000, 0x00000000c2500000| Untracked 
|  16|0x00000000c2600000, 0x00000000c2600000, 0x00000000c2700000|  0%| F|  |TAMS 0x00000000c2600000, 0x00000000c2600000| Untracked 
|  17|0x00000000c2700000, 0x00000000c2700000, 0x00000000c2800000|  0%| F|  |TAMS 0x00000000c2700000, 0x00000000c2700000| Untracked 
|  18|0x00000000c2800000, 0x00000000c2800000, 0x00000000c2900000|  0%| F|  |TAMS 0x00000000c2800000, 0x00000000c2800000| Untracked 
|  19|0x00000000c2900000, 0x00000000c2900000, 0x00000000c2a00000|  0%| F|  |TAMS 0x00000000c2900000, 0x00000000c2900000| Untracked 
|  20|0x00000000c2a00000, 0x00000000c2a00000, 0x00000000c2b00000|  0%| F|  |TAMS 0x00000000c2a00000, 0x00000000c2a00000| Untracked 
|  21|0x00000000c2b00000, 0x00000000c2b00000, 0x00000000c2c00000|  0%| F|  |TAMS 0x00000000c2b00000, 0x00000000c2b00000| Untracked 
|  22|0x00000000c2c00000, 0x00000000c2c00000, 0x00000000c2d00000|  0%| F|  |TAMS 0x00000000c2c00000, 0x00000000c2c00000| Untracked 
|  23|0x00000000c2d00000, 0x00000000c2d00000, 0x00000000c2e00000|  0%| F|  |TAMS 0x00000000c2d00000, 0x00000000c2d00000| Untracked 
|  24|0x00000000c2e00000, 0x00000000c2e00000, 0x00000000c2f00000|  0%| F|  |TAMS 0x00000000c2e00000, 0x00000000c2e00000| Untracked 
|  25|0x00000000c2f00000, 0x00000000c2f00000, 0x00000000c3000000|  0%| F|  |TAMS 0x00000000c2f00000, 0x00000000c2f00000| Untracked 
|  26|0x00000000c3000000, 0x00000000c3000000, 0x00000000c3100000|  0%| F|  |TAMS 0x00000000c3000000, 0x00000000c3000000| Untracked 
|  27|0x00000000c3100000, 0x00000000c3100000, 0x00000000c3200000|  0%| F|  |TAMS 0x00000000c3100000, 0x00000000c3100000| Untracked 
|  28|0x00000000c3200000, 0x00000000c3200000, 0x00000000c3300000|  0%| F|  |TAMS 0x00000000c3200000, 0x00000000c3200000| Untracked 
|  29|0x00000000c3300000, 0x00000000c3363bc0, 0x00000000c3400000| 38%| S|CS|TAMS 0x00000000c3300000, 0x00000000c3300000| Complete 
|  30|0x00000000c3400000, 0x00000000c3500000, 0x00000000c3500000|100%| S|CS|TAMS 0x00000000c3400000, 0x00000000c3400000| Complete 
|  31|0x00000000c3500000, 0x00000000c3600000, 0x00000000c3600000|100%| S|CS|TAMS 0x00000000c3500000, 0x00000000c3500000| Complete 
|  32|0x00000000c3600000, 0x00000000c3700000, 0x00000000c3700000|100%| S|CS|TAMS 0x00000000c3600000, 0x00000000c3600000| Complete 
|  33|0x00000000c3700000, 0x00000000c3700000, 0x00000000c3800000|  0%| F|  |TAMS 0x00000000c3700000, 0x00000000c3700000| Untracked 
|  34|0x00000000c3800000, 0x00000000c3800000, 0x00000000c3900000|  0%| F|  |TAMS 0x00000000c3800000, 0x00000000c3800000| Untracked 
|  35|0x00000000c3900000, 0x00000000c3900000, 0x00000000c3a00000|  0%| F|  |TAMS 0x00000000c3900000, 0x00000000c3900000| Untracked 
|  36|0x00000000c3a00000, 0x00000000c3a00000, 0x00000000c3b00000|  0%| F|  |TAMS 0x00000000c3a00000, 0x00000000c3a00000| Untracked 
|  37|0x00000000c3b00000, 0x00000000c3b00000, 0x00000000c3c00000|  0%| F|  |TAMS 0x00000000c3b00000, 0x00000000c3b00000| Untracked 
|  38|0x00000000c3c00000, 0x00000000c3c00000, 0x00000000c3d00000|  0%| F|  |TAMS 0x00000000c3c00000, 0x00000000c3c00000| Untracked 
|  39|0x00000000c3d00000, 0x00000000c3d00000, 0x00000000c3e00000|  0%| F|  |TAMS 0x00000000c3d00000, 0x00000000c3d00000| Untracked 
|  40|0x00000000c3e00000, 0x00000000c3e00000, 0x00000000c3f00000|  0%| F|  |TAMS 0x00000000c3e00000, 0x00000000c3e00000| Untracked 
|  41|0x00000000c3f00000, 0x00000000c3f00000, 0x00000000c4000000|  0%| F|  |TAMS 0x00000000c3f00000, 0x00000000c3f00000| Untracked 
|  42|0x00000000c4000000, 0x00000000c4000000, 0x00000000c4100000|  0%| F|  |TAMS 0x00000000c4000000, 0x00000000c4000000| Untracked 
|  43|0x00000000c4100000, 0x00000000c4100000, 0x00000000c4200000|  0%| F|  |TAMS 0x00000000c4100000, 0x00000000c4100000| Untracked 
|  44|0x00000000c4200000, 0x00000000c4200000, 0x00000000c4300000|  0%| F|  |TAMS 0x00000000c4200000, 0x00000000c4200000| Untracked 
|  45|0x00000000c4300000, 0x00000000c4300000, 0x00000000c4400000|  0%| F|  |TAMS 0x00000000c4300000, 0x00000000c4300000| Untracked 
|  46|0x00000000c4400000, 0x00000000c4400000, 0x00000000c4500000|  0%| F|  |TAMS 0x00000000c4400000, 0x00000000c4400000| Untracked 
|  47|0x00000000c4500000, 0x00000000c4500000, 0x00000000c4600000|  0%| F|  |TAMS 0x00000000c4500000, 0x00000000c4500000| Untracked 
|  48|0x00000000c4600000, 0x00000000c4600000, 0x00000000c4700000|  0%| F|  |TAMS 0x00000000c4600000, 0x00000000c4600000| Untracked 
|  49|0x00000000c4700000, 0x00000000c4700000, 0x00000000c4800000|  0%| F|  |TAMS 0x00000000c4700000, 0x00000000c4700000| Untracked 
|  50|0x00000000c4800000, 0x00000000c4800000, 0x00000000c4900000|  0%| F|  |TAMS 0x00000000c4800000, 0x00000000c4800000| Untracked 
|  51|0x00000000c4900000, 0x00000000c4900000, 0x00000000c4a00000|  0%| F|  |TAMS 0x00000000c4900000, 0x00000000c4900000| Untracked 
|  52|0x00000000c4a00000, 0x00000000c4a00000, 0x00000000c4b00000|  0%| F|  |TAMS 0x00000000c4a00000, 0x00000000c4a00000| Untracked 
|  53|0x00000000c4b00000, 0x00000000c4b00000, 0x00000000c4c00000|  0%| F|  |TAMS 0x00000000c4b00000, 0x00000000c4b00000| Untracked 
|  54|0x00000000c4c00000, 0x00000000c4c00000, 0x00000000c4d00000|  0%| F|  |TAMS 0x00000000c4c00000, 0x00000000c4c00000| Untracked 
|  55|0x00000000c4d00000, 0x00000000c4d00000, 0x00000000c4e00000|  0%| F|  |TAMS 0x00000000c4d00000, 0x00000000c4d00000| Untracked 
|  56|0x00000000c4e00000, 0x00000000c4e00000, 0x00000000c4f00000|  0%| F|  |TAMS 0x00000000c4e00000, 0x00000000c4e00000| Untracked 
|  57|0x00000000c4f00000, 0x00000000c4f00000, 0x00000000c5000000|  0%| F|  |TAMS 0x00000000c4f00000, 0x00000000c4f00000| Untracked 
|  58|0x00000000c5000000, 0x00000000c5000000, 0x00000000c5100000|  0%| F|  |TAMS 0x00000000c5000000, 0x00000000c5000000| Untracked 
|  59|0x00000000c5100000, 0x00000000c5180800, 0x00000000c5200000| 50%| E|  |TAMS 0x00000000c5100000, 0x00000000c5100000| Complete 
|  60|0x00000000c5200000, 0x00000000c5300000, 0x00000000c5300000|100%| E|CS|TAMS 0x00000000c5200000, 0x00000000c5200000| Complete 
|  61|0x00000000c5300000, 0x00000000c5400000, 0x00000000c5400000|100%| E|CS|TAMS 0x00000000c5300000, 0x00000000c5300000| Complete 
|  62|0x00000000c5400000, 0x00000000c5500000, 0x00000000c5500000|100%| E|CS|TAMS 0x00000000c5400000, 0x00000000c5400000| Complete 
|  63|0x00000000c5500000, 0x00000000c5600000, 0x00000000c5600000|100%| E|CS|TAMS 0x00000000c5500000, 0x00000000c5500000| Complete 

Card table byte_map: [0x0000023777a30000,0x0000023777c30000] _byte_map_base: 0x0000023777425000

Marking Bits (Prev, Next): (CMBitMap*) 0x000002376f3943c8, (CMBitMap*) 0x000002376f394400
 Prev Bits: [0x0000023777e30000, 0x0000023778dd8000)
 Next Bits: [0x0000023778de0000, 0x0000023779d88000)

Polling page: 0x000002376d310000

Metaspace:

Usage:
  Non-class:     18.37 MB capacity,    18.19 MB (>99%) used,   159.68 KB ( <1%) free+waste,    24.06 KB ( <1%) overhead. 
      Class:      2.30 MB capacity,     2.17 MB ( 94%) used,   123.52 KB (  5%) free+waste,     9.81 KB ( <1%) overhead. 
       Both:     20.67 MB capacity,    20.36 MB ( 99%) used,   283.20 KB (  1%) free+waste,    33.88 KB ( <1%) overhead. 

Virtual space:
  Non-class space:       20.00 MB reserved,      18.42 MB ( 92%) committed 
      Class space:        1.00 GB reserved,       2.38 MB ( <1%) committed 
             Both:        1.02 GB reserved,      20.80 MB (  2%) committed 

Chunk freelists:
   Non-Class:  1.00 KB
       Class:  1.38 KB
        Both:  2.38 KB

CodeHeap 'non-profiled nmethods': size=120064Kb used=947Kb max_used=947Kb free=119116Kb
 bounds [0x0000023707ac0000, 0x0000023707d30000, 0x000002370f000000]
CodeHeap 'profiled nmethods': size=120000Kb used=4876Kb max_used=4876Kb free=115124Kb
 bounds [0x0000023700590000, 0x0000023700a60000, 0x0000023707ac0000]
CodeHeap 'non-nmethods': size=5696Kb used=1100Kb max_used=1132Kb free=4595Kb
 bounds [0x0000023700000000, 0x0000023700270000, 0x0000023700590000]
 total_blobs=2789 nmethods=2372 adapters=328
 compilation: enabled
              stopped_count=0, restarted_count=0
 full_count=0

Compilation events (10 events):
Event: 8.546 Thread 0x000002377ca85000 2371       3       org.codehaus.plexus.interpolation.reflection.ReflectionValueExtractor$Tokenizer::getPosition (23 bytes)
Event: 8.547 Thread 0x000002377ca85000 nmethod 2371 0x0000023700a49310 code [0x0000023700a494c0, 0x0000023700a49718]
Event: 8.547 Thread 0x000002377ca85000 2372       3       java.util.ArrayList$ListItr::<init> (16 bytes)
Event: 8.547 Thread 0x000002377ca85000 nmethod 2372 0x0000023700a49890 code [0x0000023700a49a40, 0x0000023700a49cd8]
Event: 8.547 Thread 0x000002377ca85000 2373       3       org.apache.maven.model.merge.MavenModelMerger::getPluginKey (5 bytes)
Event: 8.547 Thread 0x000002377ca85000 nmethod 2373 0x0000023700a49e10 code [0x0000023700a4a020, 0x0000023700a4a508]
Event: 8.547 Thread 0x000002377ca85000 2374       3       org.apache.maven.model.validation.DefaultModelValidator::isValidId (34 bytes)
Event: 8.548 Thread 0x000002377ca85000 nmethod 2374 0x0000023700a4a790 code [0x0000023700a4a9c0, 0x0000023700a4b1c8]
Event: 8.548 Thread 0x000002377ca85000 2375       3       org.apache.maven.model.validation.DefaultModelValidator::validateId (119 bytes)
Event: 8.550 Thread 0x000002377ca85000 nmethod 2375 0x0000023700a4b590 code [0x0000023700a4b960, 0x0000023700a4d138]

GC Heap History (8 events):
Event: 2.529 GC heap before
{Heap before GC invocations=0 (full 0):
 garbage-first heap   total 65536K, used 14336K [0x00000000c1600000, 0x0000000100000000)
  region size 1024K, 14 young (14336K), 0 survivors (0K)
 Metaspace       used 11435K, capacity 11685K, committed 11904K, reserved 1060864K
  class space    used 1068K, capacity 1134K, committed 1152K, reserved 1048576K
}
Event: 2.542 GC heap after
{Heap after GC invocations=1 (full 0):
 garbage-first heap   total 65536K, used 3460K [0x00000000c1600000, 0x0000000100000000)
  region size 1024K, 2 young (2048K), 2 survivors (2048K)
 Metaspace       used 11435K, capacity 11685K, committed 11904K, reserved 1060864K
  class space    used 1068K, capacity 1134K, committed 1152K, reserved 1048576K
}
Event: 3.325 GC heap before
{Heap before GC invocations=1 (full 0):
 garbage-first heap   total 65536K, used 11652K [0x00000000c1600000, 0x0000000100000000)
  region size 1024K, 10 young (10240K), 2 survivors (2048K)
 Metaspace       used 13365K, capacity 13617K, committed 13696K, reserved 1060864K
  class space    used 1328K, capacity 1394K, committed 1408K, reserved 1048576K
}
Event: 3.331 GC heap after
{Heap after GC invocations=2 (full 0):
 garbage-first heap   total 65536K, used 3995K [0x00000000c1600000, 0x0000000100000000)
  region size 1024K, 1 young (1024K), 1 survivors (1024K)
 Metaspace       used 13365K, capacity 13617K, committed 13696K, reserved 1060864K
  class space    used 1328K, capacity 1394K, committed 1408K, reserved 1048576K
}
Event: 4.961 GC heap before
{Heap before GC invocations=2 (full 0):
 garbage-first heap   total 65536K, used 28571K [0x00000000c1600000, 0x0000000100000000)
  region size 1024K, 25 young (25600K), 1 survivors (1024K)
 Metaspace       used 15470K, capacity 15742K, committed 15872K, reserved 1062912K
  class space    used 1594K, capacity 1691K, committed 1792K, reserved 1048576K
}
Event: 4.965 GC heap after
{Heap after GC invocations=3 (full 0):
 garbage-first heap   total 65536K, used 4672K [0x00000000c1600000, 0x0000000100000000)
  region size 1024K, 2 young (2048K), 2 survivors (2048K)
 Metaspace       used 15470K, capacity 15742K, committed 15872K, reserved 1062912K
  class space    used 1594K, capacity 1691K, committed 1792K, reserved 1048576K
}
Event: 7.838 GC heap before
{Heap before GC invocations=3 (full 0):
 garbage-first heap   total 65536K, used 34368K [0x00000000c1600000, 0x0000000100000000)
  region size 1024K, 31 young (31744K), 2 survivors (2048K)
 Metaspace       used 20444K, capacity 20708K, committed 20736K, reserved 1067008K
  class space    used 2197K, capacity 2290K, committed 2304K, reserved 1048576K
}
Event: 7.857 GC heap after
{Heap after GC invocations=4 (full 0):
 garbage-first heap   total 65536K, used 6953K [0x00000000c1600000, 0x0000000100000000)
  region size 1024K, 4 young (4096K), 4 survivors (4096K)
 Metaspace       used 20444K, capacity 20708K, committed 20736K, reserved 1067008K
  class space    used 2197K, capacity 2290K, committed 2304K, reserved 1048576K
}

Deoptimization events (10 events):
Event: 7.322 Thread 0x000002376f369000 Uncommon trap: reason=unstable_if action=reinterpret pc=0x0000023707af2ff4 method=java.lang.AbstractStringBuilder.append(Ljava/lang/String;)Ljava/lang/AbstractStringBuilder; @ 1 c2
Event: 7.524 Thread 0x000002376f369000 Uncommon trap: reason=unstable_if action=reinterpret pc=0x0000023707b39f04 method=java.lang.String.replace(CC)Ljava/lang/String; @ 2 c2
Event: 7.631 Thread 0x000002376f369000 Uncommon trap: reason=bimorphic_or_optimized_type_check action=maybe_recompile pc=0x0000023707b59688 method=java.util.HashMap.putVal(ILjava/lang/Object;Ljava/lang/Object;ZZ)Ljava/lang/Object; @ 203 c2
Event: 7.631 Thread 0x000002376f369000 Uncommon trap: reason=bimorphic_or_optimized_type_check action=maybe_recompile pc=0x0000023707b59688 method=java.util.HashMap.putVal(ILjava/lang/Object;Ljava/lang/Object;ZZ)Ljava/lang/Object; @ 203 c2
Event: 7.899 Thread 0x000002376f369000 Uncommon trap: reason=unstable_if action=reinterpret pc=0x0000023707b99dbc method=java.lang.String.indexOf([BBILjava/lang/String;I)I @ 54 c2
Event: 8.168 Thread 0x000002376f369000 Uncommon trap: reason=unstable_if action=reinterpret pc=0x0000023707b94bdc method=org.codehaus.plexus.util.xml.pull.MXParser.nextImpl()I @ 1161 c2
Event: 8.169 Thread 0x000002376f369000 Uncommon trap: reason=unstable_if action=reinterpret pc=0x0000023707b2589c method=sun.nio.cs.UTF_8$Decoder.decodeArrayLoop(Ljava/nio/ByteBuffer;Ljava/nio/CharBuffer;)Ljava/nio/charset/CoderResult; @ 84 c2
Event: 8.172 Thread 0x000002376f369000 Uncommon trap: reason=unstable_if action=reinterpret pc=0x0000023707ae1994 method=java.lang.StringUTF16.compress([CI[BII)I @ 20 c2
Event: 8.177 Thread 0x000002376f369000 Uncommon trap: reason=unstable_if action=reinterpret pc=0x0000023707b50664 method=java.lang.String.indexOf(Ljava/lang/String;)I @ 8 c2
Event: 8.537 Thread 0x000002376f369000 Uncommon trap: reason=unstable_if action=reinterpret pc=0x0000023707b37da8 method=java.lang.String.regionMatches(ZILjava/lang/String;II)Z @ 21 c2

Classes redefined (0 events):
No events

Internal exceptions (10 events):
Event: 0.986 Thread 0x000002376f369000 Exception <a 'java/lang/NullPointerException'{0x00000000c4f67670}> (0x00000000c4f67670) thrown at [./open/src/hotspot/share/interpreter/linkResolver.cpp, line 1354]
Event: 0.986 Thread 0x000002376f369000 Exception <a 'java/lang/NullPointerException'{0x00000000c4f67940}> (0x00000000c4f67940) thrown at [./open/src/hotspot/share/interpreter/linkResolver.cpp, line 1354]
Event: 0.987 Thread 0x000002376f369000 Exception <a 'java/lang/NullPointerException'{0x00000000c4f67c10}> (0x00000000c4f67c10) thrown at [./open/src/hotspot/share/interpreter/linkResolver.cpp, line 1354]
Event: 3.200 Thread 0x000002376f369000 Exception <a 'java/lang/NoClassDefFoundError'{0x00000000c4f179d8}: javax/enterprise/inject/Typed> (0x00000000c4f179d8) thrown at [./open/src/hotspot/share/classfile/systemDictionary.cpp, line 217]
Event: 6.315 Thread 0x000002376f369000 Exception <a 'java/lang/NoClassDefFoundError'{0x00000000c43aecf8}: com/google/inject/servlet/ServletModuleTargetVisitor> (0x00000000c43aecf8) thrown at [./open/src/hotspot/share/classfile/systemDictionary.cpp, line 217]
Event: 6.315 Thread 0x000002376f369000 Exception <a 'java/lang/NoClassDefFoundError'{0x00000000c43aecf8}> (0x00000000c43aecf8) thrown at [./open/src/hotspot/share/prims/jvm.cpp, line 1309]
Event: 6.669 Thread 0x000002376f369000 Exception <a 'java/lang/NoSuchMethodError'{0x00000000c41fe280}: java.lang.invoke.DirectMethodHandle$Holder.invokeStaticInit(Ljava/lang/Object;IIII)Ljava/lang/Object;> (0x00000000c41fe280) thrown at [./open/src/hotspot/share/interpreter/linkResolver.cpp, l
Event: 7.053 Thread 0x000002376f369000 Implicit null exception at 0x0000023707b799e4 to 0x0000023707b7c434
Event: 7.322 Thread 0x000002376f369000 Implicit null exception at 0x0000023707af07f4 to 0x0000023707af0d08
Event: 7.322 Thread 0x000002376f369000 Implicit null exception at 0x0000023707af2af4 to 0x0000023707af2fdc

Events (10 events):
Event: 8.177 Thread 0x000002376f369000 DEOPT UNPACKING pc=0x000002370002662f sp=0x00000039bdcfd738 mode 2
Event: 8.499 loading class org/apache/maven/model/Notifier
Event: 8.499 loading class org/apache/maven/model/Notifier done
Event: 8.526 loading class org/apache/maven/model/ActivationFile
Event: 8.526 loading class org/apache/maven/model/ActivationFile done
Event: 8.537 Thread 0x000002376f369000 Uncommon trap: trap_request=0xffffff4d fr.pc=0x0000023707b37da8 relative=0x00000000000004e8
Event: 8.537 Thread 0x000002376f369000 DEOPT PACKING pc=0x0000023707b37da8 sp=0x00000039bdcfd950
Event: 8.537 Thread 0x000002376f369000 DEOPT UNPACKING pc=0x000002370002662f sp=0x00000039bdcfd900 mode 2
Event: 8.537 loading class org/apache/maven/model/merge/ModelMerger$NotifierKeyComputer
Event: 8.537 loading class org/apache/maven/model/merge/ModelMerger$NotifierKeyComputer done


Dynamic libraries:
0x00007ff62d110000 - 0x00007ff62d11f000 	C:\Program Files\Java\jdk-11.0.12\bin\java.exe
0x00007ffc62660000 - 0x00007ffc62869000 	C:\WINDOWS\SYSTEM32\ntdll.dll
0x00007ffc61790000 - 0x00007ffc6184d000 	C:\WINDOWS\System32\KERNEL32.DLL
0x00007ffc5fff0000 - 0x00007ffc60364000 	C:\WINDOWS\System32\KERNELBASE.dll
0x00007ffc603e0000 - 0x00007ffc604f1000 	C:\WINDOWS\System32\ucrtbase.dll
0x00007ffc4af60000 - 0x00007ffc4af78000 	C:\Program Files\Java\jdk-11.0.12\bin\jli.dll
0x00007ffc61560000 - 0x00007ffc6160e000 	C:\WINDOWS\System32\ADVAPI32.dll
0x00007ffc607c0000 - 0x00007ffc60863000 	C:\WINDOWS\System32\msvcrt.dll
0x00007ffc611c0000 - 0x00007ffc6125e000 	C:\WINDOWS\System32\sechost.dll
0x00007ffc61670000 - 0x00007ffc61790000 	C:\WINDOWS\System32\RPCRT4.dll
0x00007ffc61e40000 - 0x00007ffc61fec000 	C:\WINDOWS\System32\USER32.dll
0x00007ffc5fb50000 - 0x00007ffc5fb76000 	C:\WINDOWS\System32\win32u.dll
0x00007ffc605b0000 - 0x00007ffc605d9000 	C:\WINDOWS\System32\GDI32.dll
0x00007ffc5fb80000 - 0x00007ffc5fc92000 	C:\WINDOWS\System32\gdi32full.dll
0x00007ffc5fed0000 - 0x00007ffc5ff6d000 	C:\WINDOWS\System32\msvcp_win.dll
0x00007ffc46140000 - 0x00007ffc46155000 	C:\Program Files\Java\jdk-11.0.12\bin\VCRUNTIME140.dll
0x00007ffc493e0000 - 0x00007ffc49685000 	C:\WINDOWS\WinSxS\amd64_microsoft.windows.common-controls_6595b64144ccf1df_6.0.22000.120_none_9d947278b86cc467\COMCTL32.dll
0x00007ffc58120000 - 0x00007ffc5812a000 	C:\WINDOWS\SYSTEM32\VERSION.dll
0x00007ffc60510000 - 0x00007ffc60541000 	C:\WINDOWS\System32\IMM32.DLL
0x00007ffc1a5f0000 - 0x00007ffc1a68b000 	C:\Program Files\Java\jdk-11.0.12\bin\msvcp140.dll
0x00007ffbedfb0000 - 0x00007ffbeeaaf000 	C:\Program Files\Java\jdk-11.0.12\bin\server\jvm.dll
0x00007ffc61850000 - 0x00007ffc61858000 	C:\WINDOWS\System32\PSAPI.DLL
0x00007ffc4bc30000 - 0x00007ffc4bc39000 	C:\WINDOWS\SYSTEM32\WSOCK32.dll
0x00007ffc625b0000 - 0x00007ffc6261f000 	C:\WINDOWS\System32\WS2_32.dll
0x00007ffc5a920000 - 0x00007ffc5a953000 	C:\WINDOWS\SYSTEM32\WINMM.dll
0x00007ffc5ec50000 - 0x00007ffc5ec68000 	C:\WINDOWS\SYSTEM32\kernel.appcore.dll
0x00007ffc4b650000 - 0x00007ffc4b660000 	C:\Program Files\Java\jdk-11.0.12\bin\verify.dll
0x00007ffc5d830000 - 0x00007ffc5da51000 	C:\WINDOWS\SYSTEM32\DBGHELP.DLL
0x00007ffc43080000 - 0x00007ffc430b1000 	C:\WINDOWS\SYSTEM32\dbgcore.DLL
0x00007ffc5ff70000 - 0x00007ffc5ffef000 	C:\WINDOWS\System32\bcryptPrimitives.dll
0x00007ffc2f370000 - 0x00007ffc2f398000 	C:\Program Files\Java\jdk-11.0.12\bin\java.dll
0x00007ffc4af10000 - 0x00007ffc4af1a000 	C:\Program Files\Java\jdk-11.0.12\bin\jimage.dll
0x00007ffc46fc0000 - 0x00007ffc46fce000 	C:\Program Files\Java\jdk-11.0.12\bin\instrument.dll
0x00007ffc440a0000 - 0x00007ffc440b6000 	C:\Program Files\Java\jdk-11.0.12\bin\zip.dll
0x00007ffc60a10000 - 0x00007ffc611be000 	C:\WINDOWS\System32\SHELL32.dll
0x00007ffc5dcc0000 - 0x00007ffc5e528000 	C:\WINDOWS\SYSTEM32\windows.storage.dll
0x00007ffc618e0000 - 0x00007ffc61c58000 	C:\WINDOWS\System32\combase.dll
0x00007ffc5db50000 - 0x00007ffc5dcb6000 	C:\WINDOWS\SYSTEM32\wintypes.dll
0x00007ffc61cf0000 - 0x00007ffc61dda000 	C:\WINDOWS\System32\SHCORE.dll
0x00007ffc61610000 - 0x00007ffc6166d000 	C:\WINDOWS\System32\shlwapi.dll
0x00007ffc5fa80000 - 0x00007ffc5faa1000 	C:\WINDOWS\SYSTEM32\profapi.dll
0x00007ffc42340000 - 0x00007ffc42359000 	C:\Program Files\Java\jdk-11.0.12\bin\net.dll
0x00007ffc58ef0000 - 0x00007ffc58ffc000 	C:\WINDOWS\SYSTEM32\WINHTTP.dll
0x00007ffc5f080000 - 0x00007ffc5f0e7000 	C:\WINDOWS\system32\mswsock.dll
0x00007ffc3fdb0000 - 0x00007ffc3fdc2000 	C:\Program Files\Java\jdk-11.0.12\bin\nio.dll
0x00007ffc2e410000 - 0x00007ffc2e42a000 	C:\Program Files\JetBrains\IntelliJ IDEA Community Edition 2021.3.1\bin\breakgen64.dll
0x0000000069ac0000 - 0x0000000069ae4000 	C:\Users\HP\AppData\Local\Temp\jansi-2.4.0-e312e85fd2a6b11-jansi.dll

dbghelp: loaded successfully - version: 4.0.5 - missing functions: none
symbol engine: initialized successfully - sym options: 0x614 - pdb path: .;C:\Program Files\Java\jdk-11.0.12\bin;C:\WINDOWS\SYSTEM32;C:\WINDOWS\WinSxS\amd64_microsoft.windows.common-controls_6595b64144ccf1df_6.0.22000.120_none_9d947278b86cc467;C:\Program Files\Java\jdk-11.0.12\bin\server;C:\Program Files\JetBrains\IntelliJ IDEA Community Edition 2021.3.1\bin;C:\Users\HP\AppData\Local\Temp

VM Arguments:
jvm_args: -Dmaven.multiModuleProjectDirectory=D:\Spotify\RegisterAndLoginUser -Dmaven.home=C:\Users\HP\.m2\wrapper\dists\apache-maven-3.8.4-bin\52ccbt68d252mdldqsfsn03jlf\apache-maven-3.8.4 -Dclassworlds.conf=C:\Users\HP\.m2\wrapper\dists\apache-maven-3.8.4-bin\52ccbt68d252mdldqsfsn03jlf\apache-maven-3.8.4\bin\m2.conf -Dmaven.ext.class.path=C:\Program Files\JetBrains\IntelliJ IDEA Community Edition 2021.3.1\plugins\maven\lib\maven-event-listener.jar -javaagent:C:\Program Files\JetBrains\IntelliJ IDEA Community Edition 2021.3.1\lib\idea_rt.jar=63182:C:\Program Files\JetBrains\IntelliJ IDEA Community Edition 2021.3.1\bin -Dfile.encoding=UTF-8 
java_command: org.codehaus.classworlds.Launcher -Didea.version=2021.3.1 install
java_class_path (initial): C:\Users\HP\.m2\wrapper\dists\apache-maven-3.8.4-bin\52ccbt68d252mdldqsfsn03jlf\apache-maven-3.8.4\boot\plexus-classworlds-2.6.0.jar;C:\Users\HP\.m2\wrapper\dists\apache-maven-3.8.4-bin\52ccbt68d252mdldqsfsn03jlf\apache-maven-3.8.4\boot\plexus-classworlds.license
Launcher Type: SUN_STANDARD

[Global flags]
     intx CICompilerCount                          = 3                                         {product} {ergonomic}
     uint ConcGCThreads                            = 1                                         {product} {ergonomic}
     uint G1ConcRefinementThreads                  = 4                                         {product} {ergonomic}
   size_t G1HeapRegionSize                         = 1048576                                   {product} {ergonomic}
    uintx GCDrainStackTargetSize                   = 64                                        {product} {ergonomic}
   size_t InitialHeapSize                          = 67108864                                  {product} {ergonomic}
   size_t MarkStackSize                            = 4194304                                   {product} {ergonomic}
   size_t MaxHeapSize                              = 1050673152                                {product} {ergonomic}
   size_t MaxNewSize                               = 630194176                                 {product} {ergonomic}
   size_t MinHeapDeltaBytes                        = 1048576                                   {product} {ergonomic}
    uintx NonNMethodCodeHeapSize                   = 5830732                                {pd product} {ergonomic}
    uintx NonProfiledCodeHeapSize                  = 122913754                              {pd product} {ergonomic}
    uintx ProfiledCodeHeapSize                     = 122913754                              {pd product} {ergonomic}
    uintx ReservedCodeCacheSize                    = 251658240                              {pd product} {ergonomic}
     bool SegmentedCodeCache                       = true                                      {product} {ergonomic}
     bool UseCompressedClassPointers               = true                                 {lp64_product} {ergonomic}
     bool UseCompressedOops                        = true                                 {lp64_product} {ergonomic}
     bool UseG1GC                                  = true                                      {product} {ergonomic}
     bool UseLargePagesIndividualAllocation        = false                                  {pd product} {ergonomic}

Logging:
Log output configuration:
 #0: stdout all=warning uptime,level,tags
 #1: stderr all=off uptime,level,tags

Environment Variables:
JAVA_HOME=C:\Program Files\Java\jdk-11.0.12
PATH=C:\Program Files\Common Files\Oracle\Java\javapath;C:\WINDOWS\system32;C:\WINDOWS;C:\WINDOWS\System32\Wbem;C:\WINDOWS\System32\WindowsPowerShell\v1.0\;C:\WINDOWS\System32\OpenSSH\;C:\Program Files\Git\cmd;C:\Program Files\Microsoft VS Code\bin;C:\Program Files\nodejs\;C:\Program Files\Java\jdk-11.0.12\bin;C:\Maven\apache-maven-3.8.4\bin;C:\Program Files\Java\jdk-11.0.12\bin;C:\Users\HP\AppData\Local\Microsoft\WindowsApps;C:\Program Files\JetBrains\IntelliJ IDEA 2021.3.1\bin;;C:\Program Files\JetBrains\IntelliJ IDEA Community Edition 2021.3.1\bin;;C:\Users\HP\AppData\Roaming\npm;C:\Program Files\MongoDB\Server\5.0\bin;
USERNAME=HP
OS=Windows_NT
PROCESSOR_IDENTIFIER=Intel64 Family 6 Model 142 Stepping 10, GenuineIntel



---------------  S Y S T E M  ---------------

OS: Windows 10 , 64 bit Build 22000 (10.0.22000.434)

CPU:total 4 (initial active 4) (2 cores per cpu, 2 threads per core) family 6 model 142 stepping 10 microcode 0xe0, cmov, cx8, fxsr, mmx, sse, sse2, sse3, ssse3, sse4.1, sse4.2, popcnt, avx, avx2, aes, clmul, erms, 3dnowpref, lzcnt, ht, tsc, tscinvbit, bmi1, bmi2, adx, fma

Memory: 4k page, system-wide physical 4007M (274M free)
TotalPageFile size 16295M (AvailPageFile size 7M)
current process WorkingSet (physical memory assigned to process): 108M, peak: 111M
current process commit charge ("private bytes"): 173M, peak: 174M

vm_info: Java HotSpot(TM) 64-Bit Server VM (11.0.12+8-LTS-237) for windows-amd64 JRE (11.0.12+8-LTS-237), built on Jun  8 2021 11:25:59 by "mach5one" with MS VC++ 15.9 (VS2017)

END.
