#
# There is insufficient memory for the Java Runtime Environment to continue.
# Native memory allocation (malloc) failed to allocate 879136 bytes for Chunk::new
# Possible reasons:
#   The system is out of physical RAM or swap space
#   The process is running with CompressedOops enabled, and the Java Heap may be blocking the growth of the native heap
# Possible solutions:
#   Reduce memory load on the system
#   Increase physical memory or swap space
#   Check if swap backing store is full
#   Decrease Java heap size (-Xmx/-Xms)
#   Decrease number of Java threads
#   Decrease Java thread stack sizes (-Xss)
#   Set larger code cache with -XX:ReservedCodeCacheSize=
#   JVM is running with Unscaled Compressed Oops mode in which the Java heap is
#     placed in the first 4GB address space. The Java Heap base address is the
#     maximum limit for the native heap growth. Please use -XX:HeapBaseMinAddress
#     to set the Java Heap base and to place the Java Heap above 4GB virtual address.
# This output file may be truncated or incomplete.
#
#  Out of Memory Error (./open/src/hotspot/share/memory/arena.cpp:197), pid=2856, tid=17088
#
# JRE version: Java(TM) SE Runtime Environment 18.9 (11.0.12+8) (build 11.0.12+8-LTS-237)
# Java VM: Java HotSpot(TM) 64-Bit Server VM 18.9 (11.0.12+8-LTS-237, mixed mode, tiered, compressed oops, g1 gc, windows-amd64)
# No core dump will be written. Minidumps are not enabled by default on client versions of Windows
#

---------------  S U M M A R Y ------------

Command Line: -javaagent:C:\Program Files\JetBrains\IntelliJ IDEA Community Edition 2021.3.1\lib\idea_rt.jar=62633:C:\Program Files\JetBrains\IntelliJ IDEA Community Edition 2021.3.1\bin -Dfile.encoding=UTF-8 com.niit.userauthentication.RegisterAndLoginUserApplication

Host: Intel(R) Core(TM) i3-8130U CPU @ 2.20GHz, 4 cores, 3G,  Windows 10 , 64 bit Build 22000 (10.0.22000.434)
Time: Wed Apr 13 20:20:44 2022 India Standard Time elapsed time: 3.450672 seconds (0d 0h 0m 3s)

---------------  T H R E A D  ---------------

Current thread (0x00000209a12e7000):  JavaThread "C2 CompilerThread1" daemon [_thread_in_native, id=17088, stack(0x000000b8c1a00000,0x000000b8c1b00000)]


Current CompileTask:
C2:   3450 2236       4       java.lang.invoke.MethodType::makeImpl (108 bytes)

Stack: [0x000000b8c1a00000,0x000000b8c1b00000]
Native frames: (J=compiled Java code, j=interpreted, Vv=VM code, C=native code)
V  [jvm.dll+0x617d9a]
V  [jvm.dll+0x74eeef]
V  [jvm.dll+0x750599]
V  [jvm.dll+0x750c23]
V  [jvm.dll+0x2438d8]
V  [jvm.dll+0xba6dc]
V  [jvm.dll+0xbac9c]
V  [jvm.dll+0x2b4564]
V  [jvm.dll+0x52cc86]
V  [jvm.dll+0x20515d]
V  [jvm.dll+0x1ff15a]
V  [jvm.dll+0x1fc1ca]
V  [jvm.dll+0x17f18c]
V  [jvm.dll+0x20b87c]
V  [jvm.dll+0x20997b]
V  [jvm.dll+0x716359]
V  [jvm.dll+0x70f064]
V  [jvm.dll+0x616f66]
C  [ucrtbase.dll+0x26c0c]
C  [KERNEL32.DLL+0x154e0]
C  [ntdll.dll+0x485b]


---------------  P R O C E S S  ---------------

Threads class SMR info:
_java_thread_list=0x00000209a2a2b020, length=12, elements={
0x0000020984391000, 0x00000209a0a28800, 0x00000209a0a4d000, 0x00000209a0aa3800,
0x00000209a0aa4800, 0x00000209a0aa6000, 0x00000209a0aac000, 0x00000209a0aaf000,
0x00000209a0c18800, 0x00000209a09e1800, 0x00000209a1092000, 0x00000209a12e7000
}

Java Threads: ( => current thread )
  0x0000020984391000 JavaThread "main" [_thread_in_Java, id=404, stack(0x000000b8c0600000,0x000000b8c0700000)]
  0x00000209a0a28800 JavaThread "Reference Handler" daemon [_thread_blocked, id=6956, stack(0x000000b8c0e00000,0x000000b8c0f00000)]
  0x00000209a0a4d000 JavaThread "Finalizer" daemon [_thread_blocked, id=12008, stack(0x000000b8c0f00000,0x000000b8c1000000)]
  0x00000209a0aa3800 JavaThread "Signal Dispatcher" daemon [_thread_blocked, id=16436, stack(0x000000b8c1000000,0x000000b8c1100000)]
  0x00000209a0aa4800 JavaThread "Attach Listener" daemon [_thread_blocked, id=16600, stack(0x000000b8c1100000,0x000000b8c1200000)]
  0x00000209a0aa6000 JavaThread "Service Thread" daemon [_thread_blocked, id=988, stack(0x000000b8c1200000,0x000000b8c1300000)]
  0x00000209a0aac000 JavaThread "C2 CompilerThread0" daemon [_thread_blocked, id=13144, stack(0x000000b8c1300000,0x000000b8c1400000)]
  0x00000209a0aaf000 JavaThread "C1 CompilerThread0" daemon [_thread_in_native, id=7720, stack(0x000000b8c1400000,0x000000b8c1500000)]
  0x00000209a0c18800 JavaThread "Sweeper thread" daemon [_thread_blocked, id=6980, stack(0x000000b8c1500000,0x000000b8c1600000)]
  0x00000209a09e1800 JavaThread "Common-Cleaner" daemon [_thread_blocked, id=13892, stack(0x000000b8c1600000,0x000000b8c1700000)]
  0x00000209a1092000 JavaThread "Monitor Ctrl-Break" daemon [_thread_in_native, id=17012, stack(0x000000b8c1700000,0x000000b8c1800000)]
=>0x00000209a12e7000 JavaThread "C2 CompilerThread1" daemon [_thread_in_native, id=17088, stack(0x000000b8c1a00000,0x000000b8c1b00000)]

Other Threads:
  0x00000209a0a26000 VMThread "VM Thread" [stack: 0x000000b8c0d00000,0x000000b8c0e00000] [id=9536]
  0x00000209a1093000 WatcherThread [stack: 0x000000b8c1800000,0x000000b8c1900000] [id=11128]
  0x00000209843a6000 GCTaskThread "GC Thread#0" [stack: 0x000000b8c0800000,0x000000b8c0900000] [id=12256]
  0x00000209a1362800 GCTaskThread "GC Thread#1" [stack: 0x000000b8c1900000,0x000000b8c1a00000] [id=14296]
  0x00000209a1e89800 GCTaskThread "GC Thread#2" [stack: 0x000000b8c1c00000,0x000000b8c1d00000] [id=9388]
  0x00000209a1f3b800 GCTaskThread "GC Thread#3" [stack: 0x000000b8c1d00000,0x000000b8c1e00000] [id=12096]
  0x00000209843c0800 ConcurrentGCThread "G1 Main Marker" [stack: 0x000000b8c0900000,0x000000b8c0a00000] [id=6308]
  0x00000209843c2000 ConcurrentGCThread "G1 Conc#0" [stack: 0x000000b8c0a00000,0x000000b8c0b00000] [id=4672]
  0x000002098441a000 ConcurrentGCThread "G1 Refine#0" [stack: 0x000000b8c0b00000,0x000000b8c0c00000] [id=15184]
  0x000002098441b000 ConcurrentGCThread "G1 Young RemSet Sampling" [stack: 0x000000b8c0c00000,0x000000b8c0d00000] [id=5352]

Threads with active compile tasks:
C2 CompilerThread0   3508 2326       4       java.lang.AbstractStringBuilder::checkRange (60 bytes)
C1 CompilerThread0   3508 2324       3       org.springframework.boot.autoconfigure.condition.FilteringSpringBootCondition::match (119 bytes)
C2 CompilerThread1   3508 2236       4       java.lang.invoke.MethodType::makeImpl (108 bytes)

VM state:not at safepoint (normal execution)

VM Mutex/Monitor currently owned by a thread: None

Heap address: 0x00000000c1600000, size: 1002 MB, Compressed Oops mode: 32-bit
Narrow klass base: 0x0000000000000000, Narrow klass shift: 3
Compressed class space size: 1073741824 Address: 0x0000000100000000

Heap:
 garbage-first heap   total 65536K, used 32936K [0x00000000c1600000, 0x0000000100000000)
  region size 1024K, 27 young (27648K), 2 survivors (2048K)
 Metaspace       used 25958K, capacity 26699K, committed 26752K, reserved 1073152K
  class space    used 2886K, capacity 3170K, committed 3200K, reserved 1048576K
Heap Regions: E=young(eden), S=young(survivor), O=old, HS=humongous(starts), HC=humongous(continues), CS=collection set, F=free, A=archive, TAMS=top-at-mark-start (previous, next)
|   0|0x00000000c1600000, 0x00000000c1700000, 0x00000000c1700000|100%|HS|  |TAMS 0x00000000c1700000, 0x00000000c1600000| Complete 
|   1|0x00000000c1700000, 0x00000000c1800000, 0x00000000c1800000|100%| O|  |TAMS 0x00000000c1800000, 0x00000000c1700000| Untracked 
|   2|0x00000000c1800000, 0x00000000c1900000, 0x00000000c1900000|100%| O|  |TAMS 0x00000000c1900000, 0x00000000c1800000| Untracked 
|   3|0x00000000c1900000, 0x00000000c1a00000, 0x00000000c1a00000|100%| O|  |TAMS 0x00000000c1a00000, 0x00000000c1900000| Untracked 
|   4|0x00000000c1a00000, 0x00000000c1b00000, 0x00000000c1b00000|100%| O|  |TAMS 0x00000000c1b00000, 0x00000000c1a00000| Untracked 
|   5|0x00000000c1b00000, 0x00000000c1c00000, 0x00000000c1c00000|100%| O|  |TAMS 0x00000000c1c00000, 0x00000000c1b00000| Untracked 
|   6|0x00000000c1c00000, 0x00000000c1d00000, 0x00000000c1d00000|100%| O|  |TAMS 0x00000000c1c6dc00, 0x00000000c1c00000| Untracked 
|   7|0x00000000c1d00000, 0x00000000c1d93600, 0x00000000c1e00000| 57%| O|  |TAMS 0x00000000c1d00000, 0x00000000c1d00000| Untracked 
|   8|0x00000000c1e00000, 0x00000000c1e00000, 0x00000000c1f00000|  0%| F|  |TAMS 0x00000000c1e00000, 0x00000000c1e00000| Untracked 
|   9|0x00000000c1f00000, 0x00000000c1f00000, 0x00000000c2000000|  0%| F|  |TAMS 0x00000000c1f00000, 0x00000000c1f00000| Untracked 
|  10|0x00000000c2000000, 0x00000000c2000000, 0x00000000c2100000|  0%| F|  |TAMS 0x00000000c2000000, 0x00000000c2000000| Untracked 
|  11|0x00000000c2100000, 0x00000000c2100000, 0x00000000c2200000|  0%| F|  |TAMS 0x00000000c2100000, 0x00000000c2100000| Untracked 
|  12|0x00000000c2200000, 0x00000000c2200000, 0x00000000c2300000|  0%| F|  |TAMS 0x00000000c2200000, 0x00000000c2200000| Untracked 
|  13|0x00000000c2300000, 0x00000000c2300000, 0x00000000c2400000|  0%| F|  |TAMS 0x00000000c2300000, 0x00000000c2300000| Untracked 
|  14|0x00000000c2400000, 0x00000000c2400000, 0x00000000c2500000|  0%| F|  |TAMS 0x00000000c2400000, 0x00000000c2400000| Untracked 
|  15|0x00000000c2500000, 0x00000000c2500000, 0x00000000c2600000|  0%| F|  |TAMS 0x00000000c2500000, 0x00000000c2500000| Untracked 
|  16|0x00000000c2600000, 0x00000000c2600000, 0x00000000c2700000|  0%| F|  |TAMS 0x00000000c2600000, 0x00000000c2600000| Untracked 
|  17|0x00000000c2700000, 0x00000000c2700000, 0x00000000c2800000|  0%| F|  |TAMS 0x00000000c2700000, 0x00000000c2700000| Untracked 
|  18|0x00000000c2800000, 0x00000000c2800000, 0x00000000c2900000|  0%| F|  |TAMS 0x00000000c2800000, 0x00000000c2800000| Untracked 
|  19|0x00000000c2900000, 0x00000000c2900000, 0x00000000c2a00000|  0%| F|  |TAMS 0x00000000c2900000, 0x00000000c2900000| Untracked 
|  20|0x00000000c2a00000, 0x00000000c2a00000, 0x00000000c2b00000|  0%| F|  |TAMS 0x00000000c2a00000, 0x00000000c2a00000| Untracked 
|  21|0x00000000c2b00000, 0x00000000c2b00000, 0x00000000c2c00000|  0%| F|  |TAMS 0x00000000c2b00000, 0x00000000c2b00000| Untracked 
|  22|0x00000000c2c00000, 0x00000000c2c00000, 0x00000000c2d00000|  0%| F|  |TAMS 0x00000000c2c00000, 0x00000000c2c00000| Untracked 
|  23|0x00000000c2d00000, 0x00000000c2d00000, 0x00000000c2e00000|  0%| F|  |TAMS 0x00000000c2d00000, 0x00000000c2d00000| Untracked 
|  24|0x00000000c2e00000, 0x00000000c2e00000, 0x00000000c2f00000|  0%| F|  |TAMS 0x00000000c2e00000, 0x00000000c2e00000| Untracked 
|  25|0x00000000c2f00000, 0x00000000c2f00000, 0x00000000c3000000|  0%| F|  |TAMS 0x00000000c2f00000, 0x00000000c2f00000| Untracked 
|  26|0x00000000c3000000, 0x00000000c3000000, 0x00000000c3100000|  0%| F|  |TAMS 0x00000000c3000000, 0x00000000c3000000| Untracked 
|  27|0x00000000c3100000, 0x00000000c3100000, 0x00000000c3200000|  0%| F|  |TAMS 0x00000000c3100000, 0x00000000c3100000| Untracked 
|  28|0x00000000c3200000, 0x00000000c3200000, 0x00000000c3300000|  0%| F|  |TAMS 0x00000000c3200000, 0x00000000c3200000| Untracked 
|  29|0x00000000c3300000, 0x00000000c3300000, 0x00000000c3400000|  0%| F|  |TAMS 0x00000000c3300000, 0x00000000c3300000| Untracked 
|  30|0x00000000c3400000, 0x00000000c3400000, 0x00000000c3500000|  0%| F|  |TAMS 0x00000000c3400000, 0x00000000c3400000| Untracked 
|  31|0x00000000c3500000, 0x00000000c3596c80, 0x00000000c3600000| 58%| S|CS|TAMS 0x00000000c3500000, 0x00000000c3500000| Complete 
|  32|0x00000000c3600000, 0x00000000c3700000, 0x00000000c3700000|100%| S|CS|TAMS 0x00000000c3600000, 0x00000000c3600000| Complete 
|  33|0x00000000c3700000, 0x00000000c3700000, 0x00000000c3800000|  0%| F|  |TAMS 0x00000000c3700000, 0x00000000c3700000| Untracked 
|  34|0x00000000c3800000, 0x00000000c3800000, 0x00000000c3900000|  0%| F|  |TAMS 0x00000000c3800000, 0x00000000c3800000| Untracked 
|  35|0x00000000c3900000, 0x00000000c3973de8, 0x00000000c3a00000| 45%| E|  |TAMS 0x00000000c3900000, 0x00000000c3900000| Complete 
|  36|0x00000000c3a00000, 0x00000000c3b00000, 0x00000000c3b00000|100%| E|CS|TAMS 0x00000000c3a00000, 0x00000000c3a00000| Complete 
|  37|0x00000000c3b00000, 0x00000000c3c00000, 0x00000000c3c00000|100%| E|CS|TAMS 0x00000000c3b00000, 0x00000000c3b00000| Complete 
|  38|0x00000000c3c00000, 0x00000000c3d00000, 0x00000000c3d00000|100%| E|CS|TAMS 0x00000000c3c00000, 0x00000000c3c00000| Complete 
|  39|0x00000000c3d00000, 0x00000000c3e00000, 0x00000000c3e00000|100%| E|CS|TAMS 0x00000000c3d00000, 0x00000000c3d00000| Complete 
|  40|0x00000000c3e00000, 0x00000000c3f00000, 0x00000000c3f00000|100%| E|CS|TAMS 0x00000000c3e00000, 0x00000000c3e00000| Complete 
|  41|0x00000000c3f00000, 0x00000000c4000000, 0x00000000c4000000|100%| E|CS|TAMS 0x00000000c3f00000, 0x00000000c3f00000| Complete 
|  42|0x00000000c4000000, 0x00000000c4100000, 0x00000000c4100000|100%| E|CS|TAMS 0x00000000c4000000, 0x00000000c4000000| Complete 
|  43|0x00000000c4100000, 0x00000000c4200000, 0x00000000c4200000|100%| E|CS|TAMS 0x00000000c4100000, 0x00000000c4100000| Complete 
|  44|0x00000000c4200000, 0x00000000c4300000, 0x00000000c4300000|100%| E|CS|TAMS 0x00000000c4200000, 0x00000000c4200000| Complete 
|  45|0x00000000c4300000, 0x00000000c4400000, 0x00000000c4400000|100%| E|CS|TAMS 0x00000000c4300000, 0x00000000c4300000| Complete 
|  46|0x00000000c4400000, 0x00000000c4500000, 0x00000000c4500000|100%| E|CS|TAMS 0x00000000c4400000, 0x00000000c4400000| Complete 
|  47|0x00000000c4500000, 0x00000000c4600000, 0x00000000c4600000|100%| E|CS|TAMS 0x00000000c4500000, 0x00000000c4500000| Complete 
|  48|0x00000000c4600000, 0x00000000c4700000, 0x00000000c4700000|100%| E|CS|TAMS 0x00000000c4600000, 0x00000000c4600000| Complete 
|  49|0x00000000c4700000, 0x00000000c4800000, 0x00000000c4800000|100%| E|CS|TAMS 0x00000000c4700000, 0x00000000c4700000| Complete 
|  50|0x00000000c4800000, 0x00000000c4900000, 0x00000000c4900000|100%| E|CS|TAMS 0x00000000c4800000, 0x00000000c4800000| Complete 
|  51|0x00000000c4900000, 0x00000000c4a00000, 0x00000000c4a00000|100%| E|CS|TAMS 0x00000000c4900000, 0x00000000c4900000| Complete 
|  52|0x00000000c4a00000, 0x00000000c4b00000, 0x00000000c4b00000|100%| E|CS|TAMS 0x00000000c4a00000, 0x00000000c4a00000| Complete 
|  53|0x00000000c4b00000, 0x00000000c4c00000, 0x00000000c4c00000|100%| E|  |TAMS 0x00000000c4b00000, 0x00000000c4b00000| Complete 
|  54|0x00000000c4c00000, 0x00000000c4d00000, 0x00000000c4d00000|100%| E|CS|TAMS 0x00000000c4c00000, 0x00000000c4c00000| Complete 
|  55|0x00000000c4d00000, 0x00000000c4e00000, 0x00000000c4e00000|100%| E|CS|TAMS 0x00000000c4d00000, 0x00000000c4d00000| Complete 
|  56|0x00000000c4e00000, 0x00000000c4f00000, 0x00000000c4f00000|100%| E|CS|TAMS 0x00000000c4e00000, 0x00000000c4e00000| Complete 
|  57|0x00000000c4f00000, 0x00000000c5000000, 0x00000000c5000000|100%| E|CS|TAMS 0x00000000c4f00000, 0x00000000c4f00000| Complete 
|  58|0x00000000c5000000, 0x00000000c5100000, 0x00000000c5100000|100%| E|CS|TAMS 0x00000000c5000000, 0x00000000c5000000| Complete 
|  59|0x00000000c5100000, 0x00000000c5200000, 0x00000000c5200000|100%| E|CS|TAMS 0x00000000c5100000, 0x00000000c5100000| Complete 
|  60|0x00000000c5200000, 0x00000000c5300000, 0x00000000c5300000|100%| E|CS|TAMS 0x00000000c5200000, 0x00000000c5200000| Complete 
|  61|0x00000000c5300000, 0x00000000c5400000, 0x00000000c5400000|100%| E|CS|TAMS 0x00000000c5300000, 0x00000000c5300000| Complete 
|  62|0x00000000c5400000, 0x00000000c5500000, 0x00000000c5500000|100%| E|CS|TAMS 0x00000000c5400000, 0x00000000c5400000| Complete 
|  63|0x00000000c5500000, 0x00000000c5600000, 0x00000000c5600000|100%| E|CS|TAMS 0x00000000c5500000, 0x00000000c5500000| Complete 

Card table byte_map: [0x000002099ba50000,0x000002099bc50000] _byte_map_base: 0x000002099b445000

Marking Bits (Prev, Next): (CMBitMap*) 0x00000209843bbd30, (CMBitMap*) 0x00000209843bbcf8
 Prev Bits: [0x000002099ce00000, 0x000002099dda8000)
 Next Bits: [0x000002099be50000, 0x000002099cdf8000)

Polling page: 0x0000020982300000

Metaspace:

Usage:
  Non-class:     23.12 MB capacity,    22.66 MB ( 98%) used,   398.74 KB (  2%) free+waste,    75.00 KB ( <1%) overhead. 
      Class:      3.10 MB capacity,     2.84 MB ( 91%) used,   237.56 KB (  7%) free+waste,    36.44 KB (  1%) overhead. 
       Both:     26.22 MB capacity,    25.49 MB ( 97%) used,   636.30 KB (  2%) free+waste,   111.44 KB ( <1%) overhead. 

Virtual space:
  Non-class space:       24.00 MB reserved,      23.25 MB ( 97%) committed 
      Class space:        1.00 GB reserved,       3.13 MB ( <1%) committed 
             Both:        1.02 GB reserved,      26.38 MB (  3%) committed 

Chunk freelists:
   Non-Class:  512 bytes
       Class:  2.75 KB
        Both:  3.25 KB

CodeHeap 'non-profiled nmethods': size=120064Kb used=975Kb max_used=975Kb free=119089Kb
 bounds [0x0000020994310000, 0x0000020994580000, 0x000002099b850000]
CodeHeap 'profiled nmethods': size=120000Kb used=4778Kb max_used=4778Kb free=115222Kb
 bounds [0x000002098cde0000, 0x000002098d290000, 0x0000020994310000]
CodeHeap 'non-nmethods': size=5696Kb used=1119Kb max_used=1142Kb free=4576Kb
 bounds [0x000002098c850000, 0x000002098cac0000, 0x000002098cde0000]
 total_blobs=2829 nmethods=2391 adapters=349
 compilation: enabled
              stopped_count=0, restarted_count=0
 full_count=0

Compilation events (10 events):
Event: 3.435 Thread 0x00000209a0aaf000 2275       3       java.lang.reflect.AccessibleObject::checkCanSetAccessible (386 bytes)
Event: 3.438 Thread 0x00000209a0aac000 2276       4       org.springframework.boot.context.properties.source.ConfigurationPropertyName::getElement (161 bytes)
Event: 3.440 Thread 0x00000209a0aaf000 nmethod 2275 0x000002098d23be90 code [0x000002098d23c680, 0x000002098d240928]
Event: 3.440 Thread 0x00000209a0aaf000 2273       3       java.util.stream.ReferencePipeline$3::<init> (20 bytes)
Event: 3.440 Thread 0x00000209a0aaf000 nmethod 2273 0x000002098d241f90 code [0x000002098d242160, 0x000002098d242428]
Event: 3.440 Thread 0x00000209a0aaf000 2274       3       java.util.stream.Sink$ChainedReference::begin (11 bytes)
Event: 3.440 Thread 0x00000209a0aaf000 nmethod 2274 0x000002098d242590 code [0x000002098d242740, 0x000002098d242908]
Event: 3.440 Thread 0x00000209a0aaf000 2277       3       java.lang.ProcessEnvironment::nonNullString (17 bytes)
Event: 3.440 Thread 0x00000209a0aaf000 nmethod 2277 0x000002098d242a10 code [0x000002098d242bc0, 0x000002098d242e68]
Event: 3.441 Thread 0x00000209a0aaf000 2278       3       org.springframework.boot.context.properties.source.SpringIterableConfigurationPropertySource::getConfigurationProperty (94 bytes)

GC Heap History (10 events):
Event: 1.369 GC heap before
{Heap before GC invocations=1 (full 0):
 garbage-first heap   total 65536K, used 15775K [0x00000000c1600000, 0x0000000100000000)
  region size 1024K, 12 young (12288K), 2 survivors (2048K)
 Metaspace       used 12361K, capacity 12543K, committed 12672K, reserved 1060864K
  class space    used 1215K, capacity 1296K, committed 1408K, reserved 1048576K
}
Event: 1.375 GC heap after
{Heap after GC invocations=2 (full 0):
 garbage-first heap   total 65536K, used 6650K [0x00000000c1600000, 0x0000000100000000)
  region size 1024K, 1 young (1024K), 1 survivors (1024K)
 Metaspace       used 12361K, capacity 12543K, committed 12672K, reserved 1060864K
  class space    used 1215K, capacity 1296K, committed 1408K, reserved 1048576K
}
Event: 2.184 GC heap before
{Heap before GC invocations=2 (full 0):
 garbage-first heap   total 65536K, used 29178K [0x00000000c1600000, 0x0000000100000000)
  region size 1024K, 24 young (24576K), 1 survivors (1024K)
 Metaspace       used 17874K, capacity 18293K, committed 18560K, reserved 1064960K
  class space    used 1928K, capacity 2117K, committed 2176K, reserved 1048576K
}
Event: 2.190 GC heap after
{Heap after GC invocations=3 (full 0):
 garbage-first heap   total 65536K, used 7896K [0x00000000c1600000, 0x0000000100000000)
  region size 1024K, 3 young (3072K), 3 survivors (3072K)
 Metaspace       used 17874K, capacity 18293K, committed 18560K, reserved 1064960K
  class space    used 1928K, capacity 2117K, committed 2176K, reserved 1048576K
}
Event: 2.464 GC heap before
{Heap before GC invocations=3 (full 0):
 garbage-first heap   total 65536K, used 20184K [0x00000000c1600000, 0x0000000100000000)
  region size 1024K, 17 young (17408K), 3 survivors (3072K)
 Metaspace       used 20552K, capacity 21076K, committed 21248K, reserved 1069056K
  class space    used 2218K, capacity 2448K, committed 2560K, reserved 1048576K
}
Event: 2.469 GC heap after
{Heap after GC invocations=4 (full 0):
 garbage-first heap   total 65536K, used 8416K [0x00000000c1600000, 0x0000000100000000)
  region size 1024K, 2 young (2048K), 2 survivors (2048K)
 Metaspace       used 20552K, capacity 21076K, committed 21248K, reserved 1069056K
  class space    used 2218K, capacity 2448K, committed 2560K, reserved 1048576K
}
Event: 2.944 GC heap before
{Heap before GC invocations=5 (full 0):
 garbage-first heap   total 65536K, used 34016K [0x00000000c1600000, 0x0000000100000000)
  region size 1024K, 28 young (28672K), 2 survivors (2048K)
 Metaspace       used 24426K, capacity 25028K, committed 25344K, reserved 1071104K
  class space    used 2733K, capacity 2999K, committed 3072K, reserved 1048576K
}
Event: 2.948 GC heap after
{Heap after GC invocations=6 (full 0):
 garbage-first heap   total 65536K, used 9316K [0x00000000c1600000, 0x0000000100000000)
  region size 1024K, 3 young (3072K), 3 survivors (3072K)
 Metaspace       used 24426K, capacity 25028K, committed 25344K, reserved 1071104K
  class space    used 2733K, capacity 2999K, committed 3072K, reserved 1048576K
}
Event: 2.961 GC heap before
{Heap before GC invocations=6 (full 0):
 garbage-first heap   total 65536K, used 36964K [0x00000000c1600000, 0x0000000100000000)
  region size 1024K, 31 young (31744K), 3 survivors (3072K)
 Metaspace       used 24451K, capacity 25028K, committed 25344K, reserved 1071104K
  class space    used 2737K, capacity 2999K, committed 3072K, reserved 1048576K
}
Event: 2.965 GC heap after
{Heap after GC invocations=7 (full 0):
 garbage-first heap   total 65536K, used 9384K [0x00000000c1600000, 0x0000000100000000)
  region size 1024K, 2 young (2048K), 2 survivors (2048K)
 Metaspace       used 24451K, capacity 25028K, committed 25344K, reserved 1071104K
  class space    used 2737K, capacity 2999K, committed 3072K, reserved 1048576K
}

Deoptimization events (10 events):
Event: 2.602 Thread 0x0000020984391000 Uncommon trap: reason=unstable_if action=reinterpret pc=0x0000020994362a04 method=java.util.concurrent.ConcurrentHashMap.get(Ljava/lang/Object;)Ljava/lang/Object; @ 76 c2
Event: 2.692 Thread 0x0000020984391000 Uncommon trap: reason=unstable_if action=reinterpret pc=0x0000020994373100 method=java.io.WinNTFileSystem.normalize(Ljava/lang/String;)Ljava/lang/String; @ 128 c2
Event: 2.692 Thread 0x0000020984391000 Uncommon trap: reason=unstable_if action=reinterpret pc=0x0000020994334344 method=java.util.zip.ZipFile$Source.getEntryPos([BZ)I @ 156 c2
Event: 2.803 Thread 0x00000209a1dd0800 Uncommon trap: reason=unstable_if action=reinterpret pc=0x000002099437e3fc method=jdk.internal.org.objectweb.asm.Type.getArgumentsAndReturnSizes(Ljava/lang/String;)I @ 47 c2
Event: 2.804 Thread 0x00000209a1dd0800 Uncommon trap: reason=unstable_if action=reinterpret pc=0x00000209943a3b5c method=jdk.internal.org.objectweb.asm.Frame.push(Ljdk/internal/org/objectweb/asm/ClassWriter;Ljava/lang/String;)V @ 18 c2
Event: 3.096 Thread 0x0000020984391000 Uncommon trap: reason=class_check action=maybe_recompile pc=0x00000209943c5838 method=java.util.HashMap.putVal(ILjava/lang/Object;Ljava/lang/Object;ZZ)Ljava/lang/Object; @ 203 c2
Event: 3.097 Thread 0x0000020984391000 Uncommon trap: reason=class_check action=maybe_recompile pc=0x00000209943c5838 method=java.util.HashMap.putVal(ILjava/lang/Object;Ljava/lang/Object;ZZ)Ljava/lang/Object; @ 203 c2
Event: 3.155 Thread 0x0000020984391000 Uncommon trap: reason=class_check action=maybe_recompile pc=0x00000209943d5604 method=java.util.HashMap.putVal(ILjava/lang/Object;Ljava/lang/Object;ZZ)Ljava/lang/Object; @ 203 c2
Event: 3.289 Thread 0x0000020984391000 Uncommon trap: reason=bimorphic_or_optimized_type_check action=maybe_recompile pc=0x00000209943bacb8 method=java.util.HashMap.getNode(ILjava/lang/Object;)Ljava/util/HashMap$Node; @ 126 c2
Event: 3.427 Thread 0x0000020984391000 Uncommon trap: reason=intrinsic_or_type_checked_inlining action=make_not_entrant pc=0x00000209943fa0f8 method=java.util.Arrays.copyOf([Ljava/lang/Object;ILjava/lang/Class;)[Ljava/lang/Object; @ 35 c2

Classes redefined (0 events):
No events

Internal exceptions (10 events):
Event: 2.646 Thread 0x0000020984391000 Exception <a 'java/lang/ClassNotFoundException'{0x00000000c4c61fd0}: org/springframework/beans/factory/AwareCustomizer> (0x00000000c4c61fd0) thrown at [./open/src/hotspot/share/classfile/systemDictionary.cpp, line 228]
Event: 2.689 Thread 0x0000020984391000 Exception <a 'java/lang/NoSuchMethodError'{0x00000000c49749d0}: java.lang.invoke.DirectMethodHandle$Holder.invokeVirtual(Ljava/lang/Object;Ljava/lang/Object;Ljava/lang/Object;)Ljava/lang/Object;> (0x00000000c49749d0) thrown at [./open/src/hotspot/share/in
Event: 2.803 Thread 0x00000209a1dd0800 Exception <a 'java/lang/NoSuchMethodError'{0x00000000c4046cb0}: java.lang.invoke.DirectMethodHandle$Holder.invokeSpecial(Ljava/lang/Object;Ljava/lang/Object;)J> (0x00000000c4046cb0) thrown at [./open/src/hotspot/share/interpreter/linkResolver.cpp, line 77
Event: 2.807 Thread 0x00000209a1dd0800 Exception <a 'java/lang/NoSuchMethodError'{0x00000000c4051060}: java.lang.invoke.DirectMethodHandle$Holder.invokeStatic(Ljava/lang/Object;Ljava/lang/Object;)J> (0x00000000c4051060) thrown at [./open/src/hotspot/share/interpreter/linkResolver.cpp, line 772
Event: 2.807 Thread 0x00000209a1dd0800 Exception <a 'java/lang/NoSuchMethodError'{0x00000000c4053e88}: java.lang.invoke.DirectMethodHandle$Holder.invokeStaticInit(Ljava/lang/Object;Ljava/lang/Object;)J> (0x00000000c4053e88) thrown at [./open/src/hotspot/share/interpreter/linkResolver.cpp, line
Event: 2.813 Thread 0x00000209a1dd0800 Exception <a 'java/lang/NoSuchMethodError'{0x00000000c40605d0}: java.lang.invoke.DirectMethodHandle$Holder.invokeInterface(Ljava/lang/Object;Ljava/lang/Object;)J> (0x00000000c40605d0) thrown at [./open/src/hotspot/share/interpreter/linkResolver.cpp, line 
Event: 2.813 Thread 0x00000209a1dd0800 Exception <a 'java/lang/IncompatibleClassChangeError'{0x00000000c4063368}: Found class java.lang.Object, but interface was expected> (0x00000000c4063368) thrown at [./open/src/hotspot/share/interpreter/linkResolver.cpp, line 838]
Event: 2.850 Thread 0x00000209a1dd0800 Exception <a 'java/lang/NoSuchMethodError'{0x00000000c3fc2e18}: java.lang.invoke.DirectMethodHandle$Holder.invokeVirtual(Ljava/lang/Object;Ljava/lang/Object;Ljava/lang/Object;Ljava/lang/Object;)Ljava/lang/Object;> (0x00000000c3fc2e18) thrown at [./open/sr
Event: 3.038 Thread 0x0000020984391000 Exception <a 'java/lang/IncompatibleClassChangeError'{0x00000000c4ba7010}: Found class java.lang.Object, but interface was expected> (0x00000000c4ba7010) thrown at [./open/src/hotspot/share/interpreter/linkResolver.cpp, line 838]
Event: 3.111 Thread 0x0000020984391000 Exception <a 'java/lang/NoSuchMethodError'{0x00000000c495fe70}: java.lang.invoke.DirectMethodHandle$Holder.invokeInterface(Ljava/lang/Object;Ljava/lang/Object;Ljava/lang/Object;Ljava/lang/Object;)V> (0x00000000c495fe70) thrown at [./open/src/hotspot/share

Events (10 events):
Event: 3.431 loading class org/apache/commons/dbcp2/BasicDataSource
Event: 3.431 loading class org/apache/commons/dbcp2/BasicDataSource done
Event: 3.432 loading class org/apache/tomcat/jdbc/pool/DataSource
Event: 3.432 loading class org/apache/tomcat/jdbc/pool/DataSource done
Event: 3.432 loading class org/springframework/boot/autoconfigure/jdbc/DataSourceInitializationConfiguration$InitializationSpecificCredentialsDataSourceInitializationConfiguration$DifferentCredentialsCondition
Event: 3.432 loading class org/springframework/boot/autoconfigure/jdbc/DataSourceInitializationConfiguration$InitializationSpecificCredentialsDataSourceInitializationConfiguration$DifferentCredentialsCondition done
Event: 3.436 loading class org/springframework/boot/autoconfigure/jdbc/DataSourceInitializationConfiguration$SharedCredentialsDataSourceInitializationConfiguration$DataSourceInitializationCondition
Event: 3.436 loading class org/springframework/boot/autoconfigure/jdbc/DataSourceInitializationConfiguration$SharedCredentialsDataSourceInitializationConfiguration$DataSourceInitializationCondition done
Event: 3.437 loading class org/springframework/core/env/Environment
Event: 3.437 loading class org/springframework/core/env/Environment done


Dynamic libraries:
0x00007ff756740000 - 0x00007ff75674f000 	C:\Program Files\Java\jdk-11.0.12\bin\java.exe
0x00007ffc62660000 - 0x00007ffc62869000 	C:\WINDOWS\SYSTEM32\ntdll.dll
0x00007ffc61790000 - 0x00007ffc6184d000 	C:\WINDOWS\System32\KERNEL32.DLL
0x00007ffc5fff0000 - 0x00007ffc60364000 	C:\WINDOWS\System32\KERNELBASE.dll
0x00007ffc603e0000 - 0x00007ffc604f1000 	C:\WINDOWS\System32\ucrtbase.dll
0x00007ffc2e410000 - 0x00007ffc2e428000 	C:\Program Files\Java\jdk-11.0.12\bin\jli.dll
0x00007ffc61560000 - 0x00007ffc6160e000 	C:\WINDOWS\System32\ADVAPI32.dll
0x00007ffc607c0000 - 0x00007ffc60863000 	C:\WINDOWS\System32\msvcrt.dll
0x00007ffc611c0000 - 0x00007ffc6125e000 	C:\WINDOWS\System32\sechost.dll
0x00007ffc61670000 - 0x00007ffc61790000 	C:\WINDOWS\System32\RPCRT4.dll
0x00007ffc61e40000 - 0x00007ffc61fec000 	C:\WINDOWS\System32\USER32.dll
0x00007ffc5fb50000 - 0x00007ffc5fb76000 	C:\WINDOWS\System32\win32u.dll
0x00007ffc605b0000 - 0x00007ffc605d9000 	C:\WINDOWS\System32\GDI32.dll
0x00007ffc5fb80000 - 0x00007ffc5fc92000 	C:\WINDOWS\System32\gdi32full.dll
0x00007ffc5fed0000 - 0x00007ffc5ff6d000 	C:\WINDOWS\System32\msvcp_win.dll
0x00007ffc246b0000 - 0x00007ffc246c5000 	C:\Program Files\Java\jdk-11.0.12\bin\VCRUNTIME140.dll
0x00007ffc493e0000 - 0x00007ffc49685000 	C:\WINDOWS\WinSxS\amd64_microsoft.windows.common-controls_6595b64144ccf1df_6.0.22000.120_none_9d947278b86cc467\COMCTL32.dll
0x00007ffc58120000 - 0x00007ffc5812a000 	C:\WINDOWS\SYSTEM32\VERSION.dll
0x00007ffc60510000 - 0x00007ffc60541000 	C:\WINDOWS\System32\IMM32.DLL
0x00007ffc16470000 - 0x00007ffc1650b000 	C:\Program Files\Java\jdk-11.0.12\bin\msvcp140.dll
0x00007ffbefea0000 - 0x00007ffbf099f000 	C:\Program Files\Java\jdk-11.0.12\bin\server\jvm.dll
0x00007ffc61850000 - 0x00007ffc61858000 	C:\WINDOWS\System32\PSAPI.DLL
0x00007ffc4bc30000 - 0x00007ffc4bc39000 	C:\WINDOWS\SYSTEM32\WSOCK32.dll
0x00007ffc625b0000 - 0x00007ffc6261f000 	C:\WINDOWS\System32\WS2_32.dll
0x00007ffc5a920000 - 0x00007ffc5a953000 	C:\WINDOWS\SYSTEM32\WINMM.dll
0x00007ffc5ec50000 - 0x00007ffc5ec68000 	C:\WINDOWS\SYSTEM32\kernel.appcore.dll
0x00007ffc43df0000 - 0x00007ffc43e00000 	C:\Program Files\Java\jdk-11.0.12\bin\verify.dll
0x00007ffc5d830000 - 0x00007ffc5da51000 	C:\WINDOWS\SYSTEM32\DBGHELP.DLL
0x00007ffc43080000 - 0x00007ffc430b1000 	C:\WINDOWS\SYSTEM32\dbgcore.DLL
0x00007ffc5ff70000 - 0x00007ffc5ffef000 	C:\WINDOWS\System32\bcryptPrimitives.dll
0x00007ffc06ae0000 - 0x00007ffc06b08000 	C:\Program Files\Java\jdk-11.0.12\bin\java.dll
0x00007ffc43c10000 - 0x00007ffc43c1a000 	C:\Program Files\Java\jdk-11.0.12\bin\jimage.dll
0x00007ffc5ad30000 - 0x00007ffc5ad3e000 	C:\Program Files\Java\jdk-11.0.12\bin\instrument.dll
0x00007ffc24690000 - 0x00007ffc246a6000 	C:\Program Files\Java\jdk-11.0.12\bin\zip.dll
0x00007ffc60a10000 - 0x00007ffc611be000 	C:\WINDOWS\System32\SHELL32.dll
0x00007ffc5dcc0000 - 0x00007ffc5e528000 	C:\WINDOWS\SYSTEM32\windows.storage.dll
0x00007ffc618e0000 - 0x00007ffc61c58000 	C:\WINDOWS\System32\combase.dll
0x00007ffc5db50000 - 0x00007ffc5dcb6000 	C:\WINDOWS\SYSTEM32\wintypes.dll
0x00007ffc61cf0000 - 0x00007ffc61dda000 	C:\WINDOWS\System32\SHCORE.dll
0x00007ffc61610000 - 0x00007ffc6166d000 	C:\WINDOWS\System32\shlwapi.dll
0x00007ffc5fa80000 - 0x00007ffc5faa1000 	C:\WINDOWS\SYSTEM32\profapi.dll
0x00007ffc17b50000 - 0x00007ffc17b69000 	C:\Program Files\Java\jdk-11.0.12\bin\net.dll
0x00007ffc58ef0000 - 0x00007ffc58ffc000 	C:\WINDOWS\SYSTEM32\WINHTTP.dll
0x00007ffc5f080000 - 0x00007ffc5f0e7000 	C:\WINDOWS\system32\mswsock.dll
0x00007ffc145e0000 - 0x00007ffc145f2000 	C:\Program Files\Java\jdk-11.0.12\bin\nio.dll
0x00007ffc186f0000 - 0x00007ffc1870a000 	C:\Program Files\JetBrains\IntelliJ IDEA Community Edition 2021.3.1\bin\breakgen64.dll
0x00007ffc4d4e0000 - 0x00007ffc4d4e9000 	C:\Program Files\Java\jdk-11.0.12\bin\management.dll
0x00007ffc4d4d0000 - 0x00007ffc4d4db000 	C:\Program Files\Java\jdk-11.0.12\bin\management_ext.dll
0x00007ffc3fe30000 - 0x00007ffc3fe47000 	C:\WINDOWS\system32\napinsp.dll
0x00007ffc3fdd0000 - 0x00007ffc3fdeb000 	C:\WINDOWS\system32\pnrpnsp.dll
0x00007ffc5e7f0000 - 0x00007ffc5e8d7000 	C:\WINDOWS\SYSTEM32\DNSAPI.dll
0x00007ffc5e780000 - 0x00007ffc5e7ad000 	C:\WINDOWS\SYSTEM32\IPHLPAPI.DLL
0x00007ffc60500000 - 0x00007ffc60509000 	C:\WINDOWS\System32\NSI.dll
0x00007ffc3f160000 - 0x00007ffc3f172000 	C:\WINDOWS\System32\winrnr.dll
0x00007ffc3ed00000 - 0x00007ffc3ed15000 	C:\WINDOWS\system32\wshbth.dll
0x00007ffc3dbb0000 - 0x00007ffc3dbcf000 	C:\WINDOWS\system32\nlansp_c.dll
0x00007ffc44ff0000 - 0x00007ffc44ffa000 	C:\Windows\System32\rasadhlp.dll
0x00007ffc56f50000 - 0x00007ffc56fd1000 	C:\WINDOWS\System32\fwpuclnt.dll

dbghelp: loaded successfully - version: 4.0.5 - missing functions: none
symbol engine: initialized successfully - sym options: 0x614 - pdb path: .;C:\Program Files\Java\jdk-11.0.12\bin;C:\WINDOWS\SYSTEM32;C:\WINDOWS\WinSxS\amd64_microsoft.windows.common-controls_6595b64144ccf1df_6.0.22000.120_none_9d947278b86cc467;C:\Program Files\Java\jdk-11.0.12\bin\server;C:\Program Files\JetBrains\IntelliJ IDEA Community Edition 2021.3.1\bin

VM Arguments:
jvm_args: -javaagent:C:\Program Files\JetBrains\IntelliJ IDEA Community Edition 2021.3.1\lib\idea_rt.jar=62633:C:\Program Files\JetBrains\IntelliJ IDEA Community Edition 2021.3.1\bin -Dfile.encoding=UTF-8 
java_command: com.niit.userauthentication.RegisterAndLoginUserApplication
java_class_path (initial): D:\Spotify\RegisterAndLoginUser\target\classes;C:\Users\HP\.m2\repository\org\springframework\boot\spring-boot-starter-data-jpa\2.6.6\spring-boot-starter-data-jpa-2.6.6.jar;C:\Users\HP\.m2\repository\org\springframework\boot\spring-boot-starter-aop\2.6.6\spring-boot-starter-aop-2.6.6.jar;C:\Users\HP\.m2\repository\org\springframework\spring-aop\5.3.18\spring-aop-5.3.18.jar;C:\Users\HP\.m2\repository\org\aspectj\aspectjweaver\1.9.7\aspectjweaver-1.9.7.jar;C:\Users\HP\.m2\repository\org\springframework\boot\spring-boot-starter-jdbc\2.6.6\spring-boot-starter-jdbc-2.6.6.jar;C:\Users\HP\.m2\repository\com\zaxxer\HikariCP\4.0.3\HikariCP-4.0.3.jar;C:\Users\HP\.m2\repository\org\springframework\spring-jdbc\5.3.18\spring-jdbc-5.3.18.jar;C:\Users\HP\.m2\repository\jakarta\transaction\jakarta.transaction-api\1.3.3\jakarta.transaction-api-1.3.3.jar;C:\Users\HP\.m2\repository\jakarta\persistence\jakarta.persistence-api\2.2.3\jakarta.persistence-api-2.2.3.jar;C:\Users\HP\.m2\repository\org\hibernate\hibernate-core\5.6.7.Final\hibernate-core-5.6.7.Final.jar;C:\Users\HP\.m2\repository\org\jboss\logging\jboss-logging\3.4.3.Final\jboss-logging-3.4.3.Final.jar;C:\Users\HP\.m2\repository\net\bytebuddy\byte-buddy\1.11.22\byte-buddy-1.11.22.jar;C:\Users\HP\.m2\repository\antlr\antlr\2.7.7\antlr-2.7.7.jar;C:\Users\HP\.m2\repository\org\jboss\jandex\2.4.2.Final\jandex-2.4.2.Final.jar;C:\Users\HP\.m2\repository\com\fasterxml\classmate\1.5.1\classmate-1.5.1.jar;C:\Users\HP\.m2\repository\org\hibernate\common\hibernate-commons-annotations\5.1.2.Final\hibernate-commons-annotations-5.1.2.Final.jar;C:\Users\HP\.m2\repository\org\glassfish\jaxb\jaxb-runtime\2.3.6\jaxb-runtime-2.3.6.jar;C:\Users\HP\.m2\repository\jakarta\xml\bind\jakarta.xml.bind-api\2.3.3\jakarta.xml.bind-api-2.3.3.jar;C:\Users\HP\.m2\repository\org\glassfish\jaxb\txw2\2.3.6\txw2-2.3.6.jar;C:\Users\HP\.m2\repository\com\sun\istack\istack-commons-runtime\3.0.12\istack-commons-runtime-3.0.12.jar;C:\User
Launcher Type: SUN_STANDARD

[Global flags]
     intx CICompilerCount                          = 3                                         {product} {ergonomic}
     uint ConcGCThreads                            = 1                                         {product} {ergonomic}
     uint G1ConcRefinementThreads                  = 4                                         {product} {ergonomic}
   size_t G1HeapRegionSize                         = 1048576                                   {product} {ergonomic}
    uintx GCDrainStackTargetSize                   = 64                                        {product} {ergonomic}
   size_t InitialHeapSize                          = 67108864                                  {product} {ergonomic}
   size_t MarkStackSize                            = 4194304                                   {product} {ergonomic}
   size_t MaxHeapSize                              = 1050673152                                {product} {ergonomic}
   size_t MaxNewSize                               = 630194176                                 {product} {ergonomic}
   size_t MinHeapDeltaBytes                        = 1048576                                   {product} {ergonomic}
    uintx NonNMethodCodeHeapSize                   = 5830732                                {pd product} {ergonomic}
    uintx NonProfiledCodeHeapSize                  = 122913754                              {pd product} {ergonomic}
    uintx ProfiledCodeHeapSize                     = 122913754                              {pd product} {ergonomic}
    uintx ReservedCodeCacheSize                    = 251658240                              {pd product} {ergonomic}
     bool SegmentedCodeCache                       = true                                      {product} {ergonomic}
     bool UseCompressedClassPointers               = true                                 {lp64_product} {ergonomic}
     bool UseCompressedOops                        = true                                 {lp64_product} {ergonomic}
     bool UseG1GC                                  = true                                      {product} {ergonomic}
     bool UseLargePagesIndividualAllocation        = false                                  {pd product} {ergonomic}

Logging:
Log output configuration:
 #0: stdout all=warning uptime,level,tags
 #1: stderr all=off uptime,level,tags

Environment Variables:
JAVA_HOME=C:\Program Files\Java\jdk-11.0.12
PATH=C:\Program Files\Common Files\Oracle\Java\javapath;C:\WINDOWS\system32;C:\WINDOWS;C:\WINDOWS\System32\Wbem;C:\WINDOWS\System32\WindowsPowerShell\v1.0\;C:\WINDOWS\System32\OpenSSH\;C:\Program Files\Git\cmd;C:\Program Files\Microsoft VS Code\bin;C:\Program Files\nodejs\;C:\Program Files\Java\jdk-11.0.12\bin;C:\Maven\apache-maven-3.8.4\bin;C:\Program Files\Java\jdk-11.0.12\bin;C:\Users\HP\AppData\Local\Microsoft\WindowsApps;C:\Program Files\JetBrains\IntelliJ IDEA 2021.3.1\bin;;C:\Program Files\JetBrains\IntelliJ IDEA Community Edition 2021.3.1\bin;;C:\Users\HP\AppData\Roaming\npm;C:\Program Files\MongoDB\Server\5.0\bin;
USERNAME=HP
OS=Windows_NT
PROCESSOR_IDENTIFIER=Intel64 Family 6 Model 142 Stepping 10, GenuineIntel



---------------  S Y S T E M  ---------------

OS: Windows 10 , 64 bit Build 22000 (10.0.22000.434)

CPU:total 4 (initial active 4) (2 cores per cpu, 2 threads per core) family 6 model 142 stepping 10 microcode 0xe0, cmov, cx8, fxsr, mmx, sse, sse2, sse3, ssse3, sse4.1, sse4.2, popcnt, avx, avx2, aes, clmul, erms, 3dnowpref, lzcnt, ht, tsc, tscinvbit, bmi1, bmi2, adx, fma

Memory: 4k page, system-wide physical 4007M (339M free)
TotalPageFile size 16295M (AvailPageFile size 3M)
current process WorkingSet (physical memory assigned to process): 123M, peak: 123M
current process commit charge ("private bytes"): 180M, peak: 180M

vm_info: Java HotSpot(TM) 64-Bit Server VM (11.0.12+8-LTS-237) for windows-amd64 JRE (11.0.12+8-LTS-237), built on Jun  8 2021 11:25:59 by "mach5one" with MS VC++ 15.9 (VS2017)

END.
